This is pdfTeX, Version 3.141592653-2.6-1.40.22 (MiKTeX 21.3) (preloaded format=pdflatex 2021.4.16)  8 MAR 2022 14:53
entering extended mode
**./hybrid_user_manual.tex
(hybrid_user_manual.tex
LaTeX2e <2020-10-01> patch level 4
L3 programming layer <2021-02-18> (INLreport.cls
Using Sandia Technical Report class: 2007/12/13,  v1.28 Rolf Riesen
(C:\Users\FRICKL\AppData\Local\Programs\MiKTeX\tex/latex/base\ifthen.sty
Package: ifthen 2014/09/29 v1.1c Standard LaTeX ifthen package (DPC)
)
(C:\Users\FRICKL\AppData\Local\Programs\MiKTeX\tex/latex/graphics\color.sty
Package: color 2020/02/24 v1.2b Standard LaTeX Color (DPC)

(C:\Users\FRICKL\AppData\Local\Programs\MiKTeX\tex/latex/graphics-cfg\color.cfg
File: color.cfg 2016/01/02 v1.6 sample color configuration
)
Package color Info: Driver file: pdftex.def on input line 147.

(C:\Users\FRICKL\AppData\Local\Programs\MiKTeX\tex/latex/graphics-def\pdftex.de
f
File: pdftex.def 2020/10/05 v1.2a Graphics/color driver for pdftex
))
(C:\Users\FRICKL\AppData\Local\Programs\MiKTeX\tex/latex/graphics\graphicx.sty
Package: graphicx 2020/09/09 v1.2b Enhanced LaTeX Graphics (DPC,SPQR)

(C:\Users\FRICKL\AppData\Local\Programs\MiKTeX\tex/latex/graphics\keyval.sty
Package: keyval 2014/10/28 v1.15 key=value parser (DPC)
\KV@toks@=\toks15
)
(C:\Users\FRICKL\AppData\Local\Programs\MiKTeX\tex/latex/graphics\graphics.sty
Package: graphics 2020/08/30 v1.4c Standard LaTeX Graphics (DPC,SPQR)

(C:\Users\FRICKL\AppData\Local\Programs\MiKTeX\tex/latex/graphics\trig.sty
Package: trig 2016/01/03 v1.10 sin cos tan (DPC)
)
(C:\Users\FRICKL\AppData\Local\Programs\MiKTeX\tex/latex/graphics-cfg\graphics.
cfg
File: graphics.cfg 2016/06/04 v1.11 sample graphics configuration
)
Package graphics Info: Driver file: pdftex.def on input line 105.
)
\Gin@req@height=\dimen138
\Gin@req@width=\dimen139
)
\c@SANDprintingCnt=\count179
\c@SANDreDistCnt=\count180

(C:\Users\FRICKL\AppData\Local\Programs\MiKTeX\tex/latex/latex-tools\calc.sty
Package: calc 2017/05/25 v4.3 Infix arithmetic (KKT,FJ)
\calc@Acount=\count181
\calc@Bcount=\count182
\calc@Adimen=\dimen140
\calc@Bdimen=\dimen141
\calc@Askip=\skip47
\calc@Bskip=\skip48
LaTeX Info: Redefining \setlength on input line 80.
LaTeX Info: Redefining \addtolength on input line 81.
\calc@Ccount=\count183
\calc@Cskip=\skip49
)
(C:\Users\FRICKL\AppData\Local\Programs\MiKTeX\tex/latex/fancyhdr\fancyhdr.sty
Package: fancyhdr 2021/01/28 v4.0.1 Extensive control of page headers and foote
rs
\f@nch@headwidth=\skip50
\f@nch@O@elh=\skip51
\f@nch@O@erh=\skip52
\f@nch@O@olh=\skip53
\f@nch@O@orh=\skip54
\f@nch@O@elf=\skip55
\f@nch@O@erf=\skip56
\f@nch@O@olf=\skip57
\f@nch@O@orf=\skip58
)
Document Class: INLreport 2007/12/13 v1.28 
File: INLreport.cls 2007/12/13 v1.28 
(C:\Users\FRICKL\AppData\Local\Programs\MiKTeX\tex/latex/base\article.cls
Document Class: article 2020/04/10 v1.4m Standard LaTeX document class
(C:\Users\FRICKL\AppData\Local\Programs\MiKTeX\tex/latex/base\fleqn.clo
File: fleqn.clo 2016/12/29 v1.2b Standard LaTeX option (flush left equations)
\mathindent=\skip59
Applying: [2015/01/01] Make \[ robust on input line 50.
LaTeX Info: Redefining \[ on input line 51.
Already applied: [0000/00/00] Make \[ robust on input line 62.
Applying: [2015/01/01] Make \] robust on input line 74.
LaTeX Info: Redefining \] on input line 75.
Already applied: [0000/00/00] Make \] robust on input line 83.
)
(C:\Users\FRICKL\AppData\Local\Programs\MiKTeX\tex/latex/base\size12.clo
File: size12.clo 2020/04/10 v1.4m Standard LaTeX file (size option)
)
\c@part=\count184
\c@section=\count185
\c@subsection=\count186
\c@subsubsection=\count187
\c@paragraph=\count188
\c@subparagraph=\count189
\c@figure=\count190
\c@table=\count191
\abovecaptionskip=\skip60
\belowcaptionskip=\skip61
\bibindent=\dimen142
)
(C:\Users\FRICKL\AppData\Local\Programs\MiKTeX\tex/latex/geometry\geometry.sty
Package: geometry 2020/01/02 v5.9 Page Geometry

(C:\Users\FRICKL\AppData\Local\Programs\MiKTeX\tex/generic/iftex\ifvtex.sty
Package: ifvtex 2019/10/25 v1.7 ifvtex legacy package. Use iftex instead.

(C:\Users\FRICKL\AppData\Local\Programs\MiKTeX\tex/generic/iftex\iftex.sty
Package: iftex 2020/03/06 v1.0d TeX engine tests
))
\Gm@cnth=\count192
\Gm@cntv=\count193
\c@Gm@tempcnt=\count194
\Gm@bindingoffset=\dimen143
\Gm@wd@mp=\dimen144
\Gm@odd@mp=\dimen145
\Gm@even@mp=\dimen146
\Gm@layoutwidth=\dimen147
\Gm@layoutheight=\dimen148
\Gm@layouthoffset=\dimen149
\Gm@layoutvoffset=\dimen150
\Gm@dimlist=\toks16

(C:\Users\FRICKL\AppData\Local\Programs\MiKTeX\tex/latex/geometry\geometry.cfg)
)
\SANDrePrintDistBox=\box47
\SANDrePrintDistBoxSecond=\box48
\SANDrePrintDistBoxThird=\box49
\SANDrePrintDistBoxFourth=\box50
\SANDrePrintDistBoxFifth=\box51
\SANDdistwidth=\skip62
\SANDMSdistwidth=\skip63
\MarkTitletempbox=\box52
\SANDcaptionwidth=\skip64
\SANDtempbox=\box53
) (C:\Users\FRICKL\AppData\Local\Programs\MiKTeX\tex/latex/psnfss\times.sty
Package: times 2020/03/25 PSNFSS-v9.3 (SPQR) 
)
(C:\Users\FRICKL\AppData\Local\Programs\MiKTeX\tex/latex/latex-tools\longtable.
sty
Package: longtable 2020/01/07 v4.13 Multi-page Table package (DPC)
\LTleft=\skip65
\LTright=\skip66
\LTpre=\skip67
\LTpost=\skip68
\LTchunksize=\count195
\LTcapwidth=\dimen151
\LT@head=\box54
\LT@firsthead=\box55
\LT@foot=\box56
\LT@lastfoot=\box57
\LT@cols=\count196
\LT@rows=\count197
\c@LT@tables=\count198
\c@LT@chunks=\count199
\LT@p@ftn=\toks17
)
(C:\Users\FRICKL\AppData\Local\Programs\MiKTeX\tex/latex/subfigure\subfigure.st
y
Package: subfigure 2002/07/30 v2.1.4 subfigure package
\subfigtopskip=\skip69
\subfigcapskip=\skip70
\subfigcaptopadj=\dimen152
\subfigbottomskip=\skip71
\subfigcapmargin=\dimen153
\subfiglabelskip=\skip72
\c@subfigure=\count266
\c@lofdepth=\count267
\c@subtable=\count268
\c@lotdepth=\count269

****************************************
* Local config file subfigure.cfg used *
****************************************

(C:\Users\FRICKL\AppData\Local\Programs\MiKTeX\tex/latex/subfigure\subfigure.cf
g)
\subfig@top=\skip73
\subfig@bottom=\skip74
)
(C:\Users\FRICKL\AppData\Local\Programs\MiKTeX\tex/latex/amsmath\amsmath.sty
Package: amsmath 2020/09/23 v2.17i AMS math features
\@mathmargin=\skip75

For additional information on amsmath, use the `?' option.
(C:\Users\FRICKL\AppData\Local\Programs\MiKTeX\tex/latex/amsmath\amstext.sty
Package: amstext 2000/06/29 v2.01 AMS text

(C:\Users\FRICKL\AppData\Local\Programs\MiKTeX\tex/latex/amsmath\amsgen.sty
File: amsgen.sty 1999/11/30 v2.0 generic functions
\@emptytoks=\toks18
\ex@=\dimen154
))
(C:\Users\FRICKL\AppData\Local\Programs\MiKTeX\tex/latex/amsmath\amsbsy.sty
Package: amsbsy 1999/11/29 v1.2d Bold Symbols
\pmbraise@=\dimen155
)
(C:\Users\FRICKL\AppData\Local\Programs\MiKTeX\tex/latex/amsmath\amsopn.sty
Package: amsopn 2016/03/08 v2.02 operator names
)
\inf@bad=\count270
LaTeX Info: Redefining \frac on input line 234.
\uproot@=\count271
\leftroot@=\count272
LaTeX Info: Redefining \overline on input line 399.
\classnum@=\count273
\DOTSCASE@=\count274
LaTeX Info: Redefining \ldots on input line 496.
LaTeX Info: Redefining \dots on input line 499.
LaTeX Info: Redefining \cdots on input line 620.
\Mathstrutbox@=\box58
\strutbox@=\box59
\big@size=\dimen156
LaTeX Font Info:    Redeclaring font encoding OML on input line 743.
LaTeX Font Info:    Redeclaring font encoding OMS on input line 744.
\macc@depth=\count275
\c@MaxMatrixCols=\count276
\dotsspace@=\muskip16
\c@parentequation=\count277
\dspbrk@lvl=\count278
\tag@help=\toks19
\row@=\count279
\column@=\count280
\maxfields@=\count281
\andhelp@=\toks20
\eqnshift@=\dimen157
\alignsep@=\dimen158
\tagshift@=\dimen159
\tagwidth@=\dimen160
\totwidth@=\dimen161
\lineht@=\dimen162
\@envbody=\toks21
\multlinegap=\skip76
\multlinetaggap=\skip77
\mathdisplay@stack=\toks22
LaTeX Info: Redefining \[ on input line 2923.
LaTeX Info: Redefining \] on input line 2924.
)
(C:\Users\FRICKL\AppData\Local\Programs\MiKTeX\tex/latex/amsfonts\amssymb.sty
Package: amssymb 2013/01/14 v3.01 AMS font symbols

(C:\Users\FRICKL\AppData\Local\Programs\MiKTeX\tex/latex/amsfonts\amsfonts.sty
Package: amsfonts 2013/01/14 v3.01 Basic AMSFonts support
\symAMSa=\mathgroup4
\symAMSb=\mathgroup5
LaTeX Font Info:    Redeclaring math symbol \hbar on input line 98.
LaTeX Font Info:    Overwriting math alphabet `\mathfrak' in version `bold'
(Font)                  U/euf/m/n --> U/euf/b/n on input line 106.
)) (C:\Users\FRICKL\AppData\Local\Programs\MiKTeX\tex/latex/caption\caption.sty
Package: caption 2020/10/26 v3.5g Customizing captions (AR)

(C:\Users\FRICKL\AppData\Local\Programs\MiKTeX\tex/latex/caption\caption3.sty
Package: caption3 2020/10/21 v2.2e caption3 kernel (AR)
\captionmargin=\dimen163
\captionmargin@=\dimen164
\captionwidth=\dimen165
\caption@tempdima=\dimen166
\caption@indent=\dimen167
\caption@parindent=\dimen168
\caption@hangindent=\dimen169
Package caption Info: Unknown document class (or package),
(caption)             standard defaults will be used.
Package caption Info: \@makecaption = \long macro:#1#2-> \par \vspace {\aboveca
ptionskip } \sbox {\SANDtempbox }{{\bf #1. }\ #2} \ifthenelse {\lengthtest {\wd
 \SANDtempbox < \SANDcaptionwidth }} { \begin {center} {\bf #1. }\small #2 \end
 {center} }{ \begin {center} \parbox [t]{\SANDcaptionwidth }{{\bf #1. }\small #
2} \end {center} }  on input line 1139.
)

Package caption Warning: Unknown document class (or package),
(caption)                standard defaults will be used.
See the caption package documentation for explanation.

\c@caption@flags=\count282
\c@continuedfloat=\count283
Package caption Info: longtable package is loaded.
(C:\Users\FRICKL\AppData\Local\Programs\MiKTeX\tex/latex/caption\ltcaption.sty
Package: ltcaption 2020/05/30 v1.4b longtable captions (AR)
)
Package caption Info: subfigure package is loaded.
) (C:\Users\FRICKL\AppData\Local\Programs\MiKTeX\tex/latex/psnfss\pifont.sty
Package: pifont 2020/03/25 PSNFSS-v9.3 Pi font support (SPQR) 
LaTeX Font Info:    Trying to load font information for U+pzd on input line 63.


(C:\Users\FRICKL\AppData\Local\Programs\MiKTeX\tex/latex/psnfss\upzd.fd
File: upzd.fd 2001/06/04 font definitions for U/pzd.
)
LaTeX Font Info:    Trying to load font information for U+psy on input line 64.


(C:\Users\FRICKL\AppData\Local\Programs\MiKTeX\tex/latex/psnfss\upsy.fd
File: upsy.fd 2001/06/04 font definitions for U/psy.
))
(C:\Users\FRICKL\AppData\Local\Programs\MiKTeX\tex/latex/latex-tools\enumerate.
sty
Package: enumerate 2015/07/23 v3.00 enumerate extensions (DPC)
\@enLab=\toks23
)
(C:\Users\FRICKL\AppData\Local\Programs\MiKTeX\tex/latex/listings\listings.sty
\lst@mode=\count284
\lst@gtempboxa=\box60
\lst@token=\toks24
\lst@length=\count285
\lst@currlwidth=\dimen170
\lst@column=\count286
\lst@pos=\count287
\lst@lostspace=\dimen171
\lst@width=\dimen172
\lst@newlines=\count288
\lst@lineno=\count289
\lst@maxwidth=\dimen173

(C:\Users\FRICKL\AppData\Local\Programs\MiKTeX\tex/latex/listings\lstmisc.sty
File: lstmisc.sty 2020/03/24 1.8d (Carsten Heinz)
\c@lstnumber=\count290
\lst@skipnumbers=\count291
\lst@framebox=\box61
)
(C:\Users\FRICKL\AppData\Local\Programs\MiKTeX\tex/latex/listings\listings.cfg
File: listings.cfg 2020/03/24 1.8d listings configuration
))
Package: listings 2020/03/24 1.8d (Carsten Heinz)

(C:\Users\FRICKL\AppData\Local\Programs\MiKTeX\tex/latex/preprint\fullpage.sty
Package: fullpage 1999/02/23 1.1 (PWD)
\FP@margin=\skip78
) (C:\Users\FRICKL\AppData\Local\Programs\MiKTeX\tex/latex/xcolor\xcolor.sty
Package: xcolor 2016/05/11 v2.12 LaTeX color extensions (UK)

(C:\Users\FRICKL\AppData\Local\Programs\MiKTeX\tex/latex/graphics-cfg\color.cfg
File: color.cfg 2016/01/02 v1.6 sample color configuration
)
Package xcolor Info: Driver file: pdftex.def on input line 225.
LaTeX Info: Redefining \color on input line 709.
Package xcolor Info: Model `cmy' substituted by `cmy0' on input line 1348.
Package xcolor Info: Model `hsb' substituted by `rgb' on input line 1352.
Package xcolor Info: Model `RGB' extended on input line 1364.
Package xcolor Info: Model `HTML' substituted by `rgb' on input line 1366.
Package xcolor Info: Model `Hsb' substituted by `hsb' on input line 1367.
Package xcolor Info: Model `tHsb' substituted by `hsb' on input line 1368.
Package xcolor Info: Model `HSB' substituted by `hsb' on input line 1369.
Package xcolor Info: Model `Gray' substituted by `gray' on input line 1370.
Package xcolor Info: Model `wave' substituted by `hsb' on input line 1371.
) (C:\Users\FRICKL\AppData\Local\Programs\MiKTeX\tex/latex/base\textcomp.sty
Package: textcomp 2020/02/02 v2.0n Standard LaTeX package
)
(C:\Users\FRICKL\AppData\Local\Programs\MiKTeX\tex/latex/latex-tools\tabularx.s
ty
Package: tabularx 2020/01/15 v2.11c `tabularx' package (DPC)

(C:\Users\FRICKL\AppData\Local\Programs\MiKTeX\tex/latex/latex-tools\array.sty
Package: array 2020/10/01 v2.5c Tabular extension package (FMi)
\col@sep=\dimen174
\ar@mcellbox=\box62
\extrarowheight=\dimen175
\NC@list=\toks25
\extratabsurround=\skip79
\backup@length=\skip80
\ar@cellbox=\box63
)
\TX@col@width=\dimen176
\TX@old@table=\dimen177
\TX@old@col=\dimen178
\TX@target=\dimen179
\TX@delta=\dimen180
\TX@cols=\count292
\TX@ftn=\toks26
)
(C:\Users\FRICKL\AppData\Local\Programs\MiKTeX\tex/latex/listings\lstlang1.sty
File: lstlang1.sty 2020/03/24 1.8d listings language file
) (C:\Users\FRICKL\AppData\Local\Programs\MiKTeX\tex/latex/titlesec\titlesec.st
y
Package: titlesec 2019/10/16 v2.13 Sectioning titles
\ttl@box=\box64
\beforetitleunit=\skip81
\aftertitleunit=\skip82
\ttl@plus=\dimen181
\ttl@minus=\dimen182
\ttl@toksa=\toks27
\titlewidth=\dimen183
\titlewidthlast=\dimen184
\titlewidthfirst=\dimen185
) (C:\Users\FRICKL\AppData\Local\Programs\MiKTeX\tex/latex/base\inputenc.sty
Package: inputenc 2020/08/01 v1.3d Input encoding file
\inpenc@prehook=\toks28
\inpenc@posthook=\toks29
)
LaTeX Font Info:    Trying to load font information for T1+txtt on input line 9
0.

(C:\Users\FRICKL\AppData\Local\Programs\MiKTeX\tex/latex/txfonts\t1txtt.fd
File: t1txtt.fd 2000/12/15 v3.1
)
(C:\Users\FRICKL\AppData\Local\Programs\MiKTeX\tex/latex/latex-tools\bm.sty
Package: bm 2019/07/24 v1.2d Bold Symbol Support (DPC/FMi)
\symboldoperators=\mathgroup6
\symboldletters=\mathgroup7
\symboldsymbols=\mathgroup8
LaTeX Font Info:    Redeclaring math alphabet \mathbf on input line 141.
LaTeX Info: Redefining \bm on input line 209.
)
(C:\Users\FRICKL\AppData\Local\Programs\MiKTeX\tex/latex/booktabs\booktabs.sty
Package: booktabs 2020/01/12 v1.61803398 Publication quality tables
\heavyrulewidth=\dimen186
\lightrulewidth=\dimen187
\cmidrulewidth=\dimen188
\belowrulesep=\dimen189
\belowbottomsep=\dimen190
\aboverulesep=\dimen191
\abovetopsep=\dimen192
\cmidrulesep=\dimen193
\cmidrulekern=\dimen194
\defaultaddspace=\dimen195
\@cmidla=\count293
\@cmidlb=\count294
\@aboverulesep=\dimen196
\@belowrulesep=\dimen197
\@thisruleclass=\count295
\@lastruleclass=\count296
\@thisrulewidth=\dimen198
) (C:\Users\FRICKL\AppData\Local\Programs\MiKTeX\tex/latex/stmaryrd\stmaryrd.st
y
Package: stmaryrd 1994/03/03 St Mary's Road symbol package
\symstmry=\mathgroup9
LaTeX Font Info:    Overwriting symbol font `stmry' in version `bold'
(Font)                  U/stmry/m/n --> U/stmry/b/n on input line 89.
)
(C:\Users\FRICKL\AppData\Local\Programs\MiKTeX\tex/latex/hyperref\hyperref.sty
Package: hyperref 2021-02-27 v7.00k Hypertext links for LaTeX

(C:\Users\FRICKL\AppData\Local\Programs\MiKTeX\tex/generic/ltxcmds\ltxcmds.sty
Package: ltxcmds 2020-05-10 v1.25 LaTeX kernel commands for general use (HO)
)
(C:\Users\FRICKL\AppData\Local\Programs\MiKTeX\tex/generic/pdftexcmds\pdftexcmd
s.sty
Package: pdftexcmds 2020-06-27 v0.33 Utility functions of pdfTeX for LuaTeX (HO
)

(C:\Users\FRICKL\AppData\Local\Programs\MiKTeX\tex/generic/infwarerr\infwarerr.
sty
Package: infwarerr 2019/12/03 v1.5 Providing info/warning/error messages (HO)
)
Package pdftexcmds Info: \pdf@primitive is available.
Package pdftexcmds Info: \pdf@ifprimitive is available.
Package pdftexcmds Info: \pdfdraftmode found.
)
(C:\Users\FRICKL\AppData\Local\Programs\MiKTeX\tex/generic/kvsetkeys\kvsetkeys.
sty
Package: kvsetkeys 2019/12/15 v1.18 Key value parser (HO)
)
(C:\Users\FRICKL\AppData\Local\Programs\MiKTeX\tex/generic/kvdefinekeys\kvdefin
ekeys.sty
Package: kvdefinekeys 2019-12-19 v1.6 Define keys (HO)
)
(C:\Users\FRICKL\AppData\Local\Programs\MiKTeX\tex/generic/pdfescape\pdfescape.
sty
Package: pdfescape 2019/12/09 v1.15 Implements pdfTeX's escape features (HO)
)
(C:\Users\FRICKL\AppData\Local\Programs\MiKTeX\tex/latex/hycolor\hycolor.sty
Package: hycolor 2020-01-27 v1.10 Color options for hyperref/bookmark (HO)
)
(C:\Users\FRICKL\AppData\Local\Programs\MiKTeX\tex/latex/letltxmacro\letltxmacr
o.sty
Package: letltxmacro 2019/12/03 v1.6 Let assignment for LaTeX macros (HO)
)
(C:\Users\FRICKL\AppData\Local\Programs\MiKTeX\tex/latex/auxhook\auxhook.sty
Package: auxhook 2019-12-17 v1.6 Hooks for auxiliary files (HO)
)
(C:\Users\FRICKL\AppData\Local\Programs\MiKTeX\tex/latex/kvoptions\kvoptions.st
y
Package: kvoptions 2020-10-07 v3.14 Key value format for package options (HO)
)
\@linkdim=\dimen199
\Hy@linkcounter=\count297
\Hy@pagecounter=\count298
 (C:\Users\FRICKL\AppData\Local\Programs\MiKTeX\tex/latex/hyperref\pd1enc.def
File: pd1enc.def 2021-02-27 v7.00k Hyperref: PDFDocEncoding definition (HO)
Now handling font encoding PD1 ...
... no UTF-8 mapping file for font encoding PD1
)
(C:\Users\FRICKL\AppData\Local\Programs\MiKTeX\tex/latex/hyperref\hyperref-lang
patches.def
File: hyperref-langpatches.def 2021-02-27 v7.00k Hyperref: patches for babel la
nguages
)
(C:\Users\FRICKL\AppData\Local\Programs\MiKTeX\tex/generic/intcalc\intcalc.sty
Package: intcalc 2019/12/15 v1.3 Expandable calculations with integers (HO)
)
(C:\Users\FRICKL\AppData\Local\Programs\MiKTeX\tex/generic/etexcmds\etexcmds.st
y
Package: etexcmds 2019/12/15 v1.7 Avoid name clashes with e-TeX commands (HO)
)
\Hy@SavedSpaceFactor=\count299
 (C:\Users\FRICKL\AppData\Local\Programs\MiKTeX\tex/latex/hyperref\puenc.def
File: puenc.def 2021-02-27 v7.00k Hyperref: PDF Unicode definition (HO)
Now handling font encoding PU ...
... no UTF-8 mapping file for font encoding PU
)
Package hyperref Info: Hyper figures OFF on input line 4192.
Package hyperref Info: Link nesting OFF on input line 4197.
Package hyperref Info: Hyper index ON on input line 4200.
Package hyperref Info: Plain pages OFF on input line 4207.
Package hyperref Info: Backreferencing OFF on input line 4212.
Package hyperref Info: Implicit mode ON; LaTeX internals redefined.
Package hyperref Info: Bookmarks ON on input line 4445.
\c@Hy@tempcnt=\count300
(C:\Users\FRICKL\AppData\Local\Programs\MiKTeX\tex/latex/url\url.sty
\Urlmuskip=\muskip17
Package: url 2013/09/16  ver 3.4  Verb mode for urls, etc.
)
LaTeX Info: Redefining \url on input line 4804.
\XeTeXLinkMargin=\dimen256

(C:\Users\FRICKL\AppData\Local\Programs\MiKTeX\tex/generic/bitset\bitset.sty
Package: bitset 2019/12/09 v1.3 Handle bit-vector datatype (HO)

(C:\Users\FRICKL\AppData\Local\Programs\MiKTeX\tex/generic/bigintcalc\bigintcal
c.sty
Package: bigintcalc 2019/12/15 v1.5 Expandable calculations on big integers (HO
)
))
\Fld@menulength=\count301
\Field@Width=\dimen257
\Fld@charsize=\dimen258
Package hyperref Info: Hyper figures OFF on input line 6075.
Package hyperref Info: Link nesting OFF on input line 6080.
Package hyperref Info: Hyper index ON on input line 6083.
Package hyperref Info: backreferencing OFF on input line 6090.
Package hyperref Info: Link coloring OFF on input line 6095.
Package hyperref Info: Link coloring with OCG OFF on input line 6100.
Package hyperref Info: PDF/A mode OFF on input line 6105.
LaTeX Info: Redefining \ref on input line 6145.
LaTeX Info: Redefining \pageref on input line 6149.

(C:\Users\FRICKL\AppData\Local\Programs\MiKTeX\tex/latex/base\atbegshi-ltx.sty
Package: atbegshi-ltx 2020/08/17 v1.0a Emulation of the original atbegshi packa
ge
with kernel methods
)
\Hy@abspage=\count302
\c@Item=\count303
\c@Hfootnote=\count304
)
Package hyperref Info: Driver (autodetected): hpdftex.
 (C:\Users\FRICKL\AppData\Local\Programs\MiKTeX\tex/latex/hyperref\hpdftex.def
File: hpdftex.def 2021-02-27 v7.00k Hyperref driver for pdfTeX

(C:\Users\FRICKL\AppData\Local\Programs\MiKTeX\tex/latex/base\atveryend-ltx.sty
Package: atveryend-ltx 2020/08/19 v1.0a Emulation of the original atvery packag
e
with kernel methods
)
\Fld@listcount=\count305
\c@bookmark@seq@number=\count306

(C:\Users\FRICKL\AppData\Local\Programs\MiKTeX\tex/latex/rerunfilecheck\rerunfi
lecheck.sty
Package: rerunfilecheck 2019/12/05 v1.9 Rerun checks for auxiliary files (HO)

(C:\Users\FRICKL\AppData\Local\Programs\MiKTeX\tex/generic/uniquecounter\unique
counter.sty
Package: uniquecounter 2019/12/15 v1.4 Provide unlimited unique counter (HO)
)
Package uniquecounter Info: New unique counter `rerunfilecheck' on input line 2
86.
)
\Hy@SectionHShift=\skip83
)
Package hyperref Info: Option `colorlinks' set `true' on input line 193.

(C:\Users\FRICKL\AppData\Local\Programs\MiKTeX\tex/latex/cite\cite.sty
LaTeX Info: Redefining \cite on input line 302.
LaTeX Info: Redefining \nocite on input line 332.
Package: cite 2015/02/27  v 5.5
)
(C:\Users\FRICKL\AppData\Local\Programs\MiKTeX\tex/latex/placeins\placeins.sty
Package: placeins 2005/04/18  v 2.2
)
LaTeX Font Info:    Trying to load font information for OT1+ptm on input line 2
96.
(C:\Users\FRICKL\AppData\Local\Programs\MiKTeX\tex/latex/psnfss\ot1ptm.fd
File: ot1ptm.fd 2001/06/04 font definitions for OT1/ptm.
)
(C:\Users\FRICKL\AppData\Local\Programs\MiKTeX\tex/latex/l3backend\l3backend-pd
ftex.def
File: l3backend-pdftex.def 2021-03-18 L3 backend support: PDF output (pdfTeX)
\l__color_backend_stack_int=\count307
\l__pdf_internal_box=\box65
)

LaTeX Warning: Unused global option(s):
    [pdf].

(hybrid_user_manual.aux)
\openout1 = `hybrid_user_manual.aux'.

LaTeX Font Info:    Checking defaults for OML/cmm/m/it on input line 296.
LaTeX Font Info:    ... okay on input line 296.
LaTeX Font Info:    Checking defaults for OMS/cmsy/m/n on input line 296.
LaTeX Font Info:    ... okay on input line 296.
LaTeX Font Info:    Checking defaults for OT1/cmr/m/n on input line 296.
LaTeX Font Info:    ... okay on input line 296.
LaTeX Font Info:    Checking defaults for T1/cmr/m/n on input line 296.
LaTeX Font Info:    ... okay on input line 296.
LaTeX Font Info:    Checking defaults for TS1/cmr/m/n on input line 296.
LaTeX Font Info:    ... okay on input line 296.
LaTeX Font Info:    Checking defaults for OMX/cmex/m/n on input line 296.
LaTeX Font Info:    ... okay on input line 296.
LaTeX Font Info:    Checking defaults for U/cmr/m/n on input line 296.
LaTeX Font Info:    ... okay on input line 296.
LaTeX Font Info:    Checking defaults for PD1/pdf/m/n on input line 296.
LaTeX Font Info:    ... okay on input line 296.
LaTeX Font Info:    Checking defaults for PU/pdf/m/n on input line 296.
LaTeX Font Info:    ... okay on input line 296.

(C:\Users\FRICKL\AppData\Local\Programs\MiKTeX\tex/context/base/mkii\supp-pdf.m
kii
[Loading MPS to PDF converter (version 2006.09.02).]
\scratchcounter=\count308
\scratchdimen=\dimen259
\scratchbox=\box66
\nofMPsegments=\count309
\nofMParguments=\count310
\everyMPshowfont=\toks30
\MPscratchCnt=\count311
\MPscratchDim=\dimen260
\MPnumerator=\count312
\makeMPintoPDFobject=\count313
\everyMPtoPDFconversion=\toks31
)
(C:\Users\FRICKL\AppData\Local\Programs\MiKTeX\tex/latex/epstopdf-pkg\epstopdf-
base.sty
Package: epstopdf-base 2020-01-24 v2.11 Base part for package epstopdf
Package epstopdf-base Info: Redefining graphics rule for `.eps' on input line 4
85.

(C:\Users\FRICKL\AppData\Local\Programs\MiKTeX\tex/latex/00miktex\epstopdf-sys.
cfg
File: epstopdf-sys.cfg 2021/03/18 v2.0 Configuration of epstopdf for MiKTeX
))
*geometry* driver: auto-detecting
*geometry* detected driver: pdftex
*geometry* verbose mode - [ preamble ] result:
* driver: pdftex
* paper: <default>
* layout: <same size as paper>
* layoutoffset:(h,v)=(0.0pt,0.0pt)
* modes: twoside 
* h-part:(L,W,R)=(73.71613pt, 430.00462pt, 110.57425pt)
* v-part:(T,H,B)=(95.39737pt, 556.47656pt, 143.09605pt)
* \paperwidth=614.295pt
* \paperheight=794.96999pt
* \textwidth=469.75502pt
* \textheight=620.43001pt
* \oddsidemargin=0.0pt
* \evensidemargin=0.0pt
* \topmargin=0.0pt
* \headheight=0.0pt
* \headsep=0.0pt
* \topskip=12.0pt
* \footskip=30.0pt
* \marginparwidth=95.0pt
* \marginparsep=10.0pt
* \columnsep=10.0pt
* \skip\footins=10.8pt plus 4.0pt minus 2.0pt
* \hoffset=0.0pt
* \voffset=0.0pt
* \mag=1000
* \@twocolumnfalse
* \@twosidetrue
* \@mparswitchtrue
* \@reversemarginfalse
* (1in=72.27pt=25.4mm, 1cm=28.453pt)

\SANDtitletempbox=\box67
LaTeX Font Info:    Trying to load font information for U+msa on input line 296
.
(C:\Users\FRICKL\AppData\Local\Programs\MiKTeX\tex/latex/amsfonts\umsa.fd
File: umsa.fd 2013/01/14 v3.01 AMS symbols A
)
LaTeX Font Info:    Trying to load font information for U+msb on input line 296
.

(C:\Users\FRICKL\AppData\Local\Programs\MiKTeX\tex/latex/amsfonts\umsb.fd
File: umsb.fd 2013/01/14 v3.01 AMS symbols B
)
LaTeX Font Info:    Trying to load font information for U+stmry on input line 2
96.

(C:\Users\FRICKL\AppData\Local\Programs\MiKTeX\tex/latex/stmaryrd\ustmry.fd)
\textwidththird=\skip84
\topheight=\skip85
\topleftwidth=\skip86
\topmiddlewidth=\skip87
\toprightwidth=\skip88
Package caption Info: Begin \AtBeginDocument code.
Package caption Info: hyperref package is loaded.
Package caption Info: listings package is loaded.
Package caption Info: End \AtBeginDocument code.
\c@lstlisting=\count314
Package hyperref Info: Link coloring ON on input line 296.

(C:\Users\FRICKL\AppData\Local\Programs\MiKTeX\tex/latex/hyperref\nameref.sty
Package: nameref 2021-04-02 v2.47 Cross-referencing by name of section

(C:\Users\FRICKL\AppData\Local\Programs\MiKTeX\tex/latex/refcount\refcount.sty
Package: refcount 2019/12/15 v3.6 Data extraction from label references (HO)
)
(C:\Users\FRICKL\AppData\Local\Programs\MiKTeX\tex/generic/gettitlestring\getti
tlestring.sty
Package: gettitlestring 2019/12/15 v1.6 Cleanup title references (HO)
)
\c@section@level=\count315
)
LaTeX Info: Redefining \ref on input line 296.
LaTeX Info: Redefining \pageref on input line 296.
LaTeX Info: Redefining \nameref on input line 296.
 (hybrid_user_manual.out) (hybrid_user_manual.out)
\@outlinefile=\write3
\openout3 = `hybrid_user_manual.out'.

\coverindent=\skip89
\parindentsave=\skip90
LaTeX Font Info:    Trying to load font information for OT1+phv on input line 2
99.

(C:\Users\FRICKL\AppData\Local\Programs\MiKTeX\tex/latex/psnfss\ot1phv.fd
File: ot1phv.fd 2020/03/25 scalable font definitions for OT1/phv.
)
Underfull \hbox (badness 10000) in paragraph at lines 299--299

 []


Underfull \hbox (badness 10000) in paragraph at lines 299--299

 []


Underfull \hbox (badness 10000) in paragraph at lines 299--299

 []

<pics/inl-left_black.pdf, id=163, 280.04625pt x 55.20625pt>
File: pics/inl-left_black.pdf Graphic file (type pdf)
<use pics/inl-left_black.pdf>
Package pdftex.def Info: pics/inl-left_black.pdf  used on input line 299.
(pdftex.def)             Requested size: 280.04555pt x 55.2061pt.
[1

{C:/Users/FRICKL/AppData/Local/MiKTeX/pdftex/config/pdftex.map} <./pics/inl-lef
t_black.pdf>]
LaTeX Font Info:    Trying to load font information for OT1+pnc on input line 2
99.

(C:\Users\FRICKL\AppData\Local\Programs\MiKTeX\tex/latex/psnfss\ot1pnc.fd
File: ot1pnc.fd 2001/06/04 font definitions for OT1/pnc.
)
<pics/DOEbwlogo.pdf, id=174, 286.06876pt x 286.06876pt>
File: pics/DOEbwlogo.pdf Graphic file (type pdf)
<use pics/DOEbwlogo.pdf>
Package pdftex.def Info: pics/DOEbwlogo.pdf  used on input line 299.
(pdftex.def)             Requested size: 54.2025pt x 54.20085pt.

[2 <./pics/DOEbwlogo.pdf>] [3] [4

] (hybrid_user_manual.toc)
\tf@toc=\write4
\openout4 = `hybrid_user_manual.toc'.

 [5

] [6

]
(introduction.tex [1

] (hybrid_requirements.tex
LaTeX Font Info:    Trying to load font information for OT1+pcr on input line 4
.

(C:\Users\FRICKL\AppData\Local\Programs\MiKTeX\tex/latex/psnfss\ot1pcr.fd
File: ot1pcr.fd 2001/06/04 font definitions for OT1/pcr.
)
Overfull \hbox (35.76137pt too wide) in paragraph at lines 9--10
[]\OT1/ptm/m/n/12 Commercial Mod-el-ica plat-form Dy-mola -- [][]$\OT1/pcr/m/n/
12 https : / / www . 3ds . com / products-[]services /
 []


Overfull \hbox (33.61667pt too wide) in paragraph at lines 10--11
[]\OT1/ptm/m/n/12 Risk Anal-y-sis and Vir-tual EN-vi-ro-ment (RAVEN) -- [][]$\O
T1/pcr/m/n/12 https : / / raven . inl . gov / SitePages /
 []


Overfull \hbox (8.66928pt too wide) in paragraph at lines 12--13
[]\OT1/ptm/m/n/12 Microsoft Vi-sual Stu-dio Com-mu-nity Edi-tion. -- [][]$\OT1/
pcr/m/n/12 https : / / visualstudio . microsoft .
 []

)) (Installation/main.tex (Installation/overview.tex [2]
LaTeX Font Info:    Trying to load font information for TS1+ptm on input line 1
4.

(C:\Users\FRICKL\AppData\Local\Programs\MiKTeX\tex/latex/psnfss\ts1ptm.fd
File: ts1ptm.fd 2001/06/04 font definitions for TS1/ptm.
))
(Installation/clone.tex
(C:\Users\FRICKL\AppData\Local\Programs\MiKTeX\tex/latex/listings\lstlang1.sty
File: lstlang1.sty 2020/03/24 1.8d listings language file
) (C:\Users\FRICKL\AppData\Local\Programs\MiKTeX\tex/latex/listings\lstlang1.st
y
File: lstlang1.sty 2020/03/24 1.8d listings language file
) [3

]) (Installation/regression.tex [4]
LaTeX Font Info:    Trying to load font information for OMS+ptm on input line 7
.

(C:\Users\FRICKL\AppData\Local\Programs\MiKTeX\tex/latex/psnfss\omsptm.fd
File: omsptm.fd 
)
LaTeX Font Info:    Font shape `OMS/ptm/m/n' in size <10.95> not available
(Font)              Font shape `OMS/cmsy/m/n' tried instead on input line 7.

[5]
(C:\Users\FRICKL\AppData\Local\Programs\MiKTeX\tex/latex/listings\lstlang1.sty
File: lstlang1.sty 2020/03/24 1.8d listings language file
) (C:\Users\FRICKL\AppData\Local\Programs\MiKTeX\tex/latex/listings\lstlang2.st
y
File: lstlang2.sty 2020/03/24 1.8d listings language file
)
(C:\Users\FRICKL\AppData\Local\Programs\MiKTeX\tex/latex/listings\lstlang3.sty
File: lstlang3.sty 2020/03/24 1.8d listings language file
) (C:\Users\FRICKL\AppData\Local\Programs\MiKTeX\tex/latex/listings\lstlang1.st
y
File: lstlang1.sty 2020/03/24 1.8d listings language file
)
(C:\Users\FRICKL\AppData\Local\Programs\MiKTeX\tex/latex/listings\lstlang2.sty
File: lstlang2.sty 2020/03/24 1.8d listings language file
) (C:\Users\FRICKL\AppData\Local\Programs\MiKTeX\tex/latex/listings\lstlang3.st
y
File: lstlang3.sty 2020/03/24 1.8d listings language file
)
(C:\Users\FRICKL\AppData\Local\Programs\MiKTeX\tex/latex/listings\lstlang1.sty
File: lstlang1.sty 2020/03/24 1.8d listings language file
) (C:\Users\FRICKL\AppData\Local\Programs\MiKTeX\tex/latex/listings\lstlang2.st
y
File: lstlang2.sty 2020/03/24 1.8d listings language file
)
(C:\Users\FRICKL\AppData\Local\Programs\MiKTeX\tex/latex/listings\lstlang3.sty
File: lstlang3.sty 2020/03/24 1.8d listings language file
) (C:\Users\FRICKL\AppData\Local\Programs\MiKTeX\tex/latex/listings\lstmisc.sty
File: lstmisc.sty 2020/03/24 1.8d (Carsten Heinz)
)
LaTeX Font Info:    Trying to load font information for OML+ptm on input line 6
4.
(C:\Users\FRICKL\AppData\Local\Programs\MiKTeX\tex/latex/psnfss\omlptm.fd
File: omlptm.fd 
)
LaTeX Font Info:    Font shape `OML/ptm/m/n' in size <6> not available
(Font)              Font shape `OML/cmm/m/it' tried instead on input line 64.
LaTeX Font Info:    Font shape `OMS/ptm/m/n' in size <6> not available
(Font)              Font shape `OMS/cmsy/m/n' tried instead on input line 70.

[6])) (CodeCreation.tex [7]
Underfull \hbox (badness 1360) in paragraph at lines 22--22
[]|\OT1/ptm/m/n/12 Provides base load heat and
 []


Underfull \hbox (badness 10000) in paragraph at lines 22--22
[]|\OT1/ptm/m/n/12 Distributes ther-mal en-ergy
 []


Underfull \hbox (badness 1571) in paragraph at lines 22--22
[]|\OT1/ptm/m/n/12 Serves as pri-mary elec-tric-ity
 []


Underfull \hbox (badness 5316) in paragraph at lines 22--22
[]|\OT1/ptm/m/n/12 Generates high value prod-
 []


Underfull \hbox (badness 4120) in paragraph at lines 22--22
\OT1/ptm/m/n/12 crease prof-its dur-ing highly
 []


Underfull \hbox (badness 3098) in paragraph at lines 22--22
[]|\OT1/ptm/m/n/12 Electric Bat-ter-ies, Two-Tank
 []


Underfull \hbox (badness 3039) in paragraph at lines 22--22
[]|\OT1/ptm/m/n/12 Distributes elec-tric-ity among
 []


Underfull \hbox (badness 2828) in paragraph at lines 22--22
[]|\OT1/ptm/m/n/12 Control Sys-tem/ Su-per-vi-sory
 []

<pics/Template System.png, id=423, 855.94781pt x 813.79031pt>
File: pics/Template System.png Graphic file (type png)
<use pics/Template System.png>
Package pdftex.def Info: pics/Template System.png  used on input line 32.
(pdftex.def)             Requested size: 469.75502pt x 446.6175pt.
<pics/Example_File.png, id=427, 2360.06718pt x 1465.72594pt>
File: pics/Example_File.png Graphic file (type png)
<use pics/Example_File.png>
Package pdftex.def Info: pics/Example_File.png  used on input line 46.
(pdftex.def)             Requested size: 469.75502pt x 291.73099pt.
[8

] [9] [10 <./pics/Template System.png>] [11 <./pics/Example_File.png>]
<pics/Sub_System_Dummy.png, id=452, 2295.32532pt x 1361.83781pt>
File: pics/Sub_System_Dummy.png Graphic file (type png)
<use pics/Sub_System_Dummy.png>
Package pdftex.def Info: pics/Sub_System_Dummy.png  used on input line 57.
(pdftex.def)             Requested size: 469.75502pt x 278.70062pt.
<pics/Westinghouse_Control_picture.png, id=453, 2646.13594pt x 1444.64719pt>
File: pics/Westinghouse_Control_picture.png Graphic file (type png)
<use pics/Westinghouse_Control_picture.png>
Package pdftex.def Info: pics/Westinghouse_Control_picture.png  used on input l
ine 65.
(pdftex.def)             Requested size: 469.75502pt x 256.45422pt.
<pics/DuplicateClass.png, id=454, 730.98094pt x 657.2053pt>
File: pics/DuplicateClass.png Graphic file (type png)
<use pics/DuplicateClass.png>
Package pdftex.def Info: pics/DuplicateClass.png  used on input line 77.
(pdftex.def)             Requested size: 469.75502pt x 422.34482pt.

[12 <./pics/Sub_System_Dummy.png>]
<pics/Modular_Park_Start.png, id=460, 1327.96124pt x 428.35031pt>
File: pics/Modular_Park_Start.png Graphic file (type png)
<use pics/Modular_Park_Start.png>
Package pdftex.def Info: pics/Modular_Park_Start.png  used on input line 91.
(pdftex.def)             Requested size: 469.75502pt x 151.52618pt.
<pics/CouplingCreation.png, id=461, 1315.91624pt x 432.86719pt>
File: pics/CouplingCreation.png Graphic file (type png)
<use pics/CouplingCreation.png>
Package pdftex.def Info: pics/CouplingCreation.png  used on input line 100.
(pdftex.def)             Requested size: 469.75502pt x 154.52426pt.
<pics/CouplingCreation_2.png, id=462, 1331.72531pt x 368.1253pt>
File: pics/CouplingCreation_2.png Graphic file (type png)
<use pics/CouplingCreation_2.png>
Package pdftex.def Info: pics/CouplingCreation_2.png  used on input line 109.
(pdftex.def)             Requested size: 469.75502pt x 129.85124pt.
 [13 <./pics/Westinghouse_Control_picture.png>] [14 <./pics/DuplicateClass.png>
] [15 <./pics/Modular_Park_Start.png> <./pics/CouplingCreation.png>]
<pics/primary_controller_settings.png, id=482, 459.96844pt x 494.59781pt>
File: pics/primary_controller_settings.png Graphic file (type png)
<use pics/primary_controller_settings.png>
Package pdftex.def Info: pics/primary_controller_settings.png  used on input li
ne 119.
(pdftex.def)             Requested size: 469.75502pt x 505.14722pt.
<pics/BOP_settings.png, id=483, 506.6428pt x 500.62032pt>
File: pics/BOP_settings.png Graphic file (type png)
<use pics/BOP_settings.png>
Package pdftex.def Info: pics/BOP_settings.png  used on input line 127.
(pdftex.def)             Requested size: 469.75502pt x 464.18181pt.
<pics/Nominal_Values_BOP.png, id=486, 450.9347pt x 498.36188pt>
File: pics/Nominal_Values_BOP.png Graphic file (type png)
<use pics/Nominal_Values_BOP.png>
Package pdftex.def Info: pics/Nominal_Values_BOP.png  used on input line 136.
(pdftex.def)             Requested size: 469.75502pt x 519.18904pt.
<pics/Manifold_Nominal_b.png, id=487, 448.67625pt x 492.33937pt>
File: pics/Manifold_Nominal_b.png Graphic file (type png)
<use pics/Manifold_Nominal_b.png>
Package pdftex.def Info: pics/Manifold_Nominal_b.png  used on input line 143.
(pdftex.def)             Requested size: 469.75502pt x 515.4841pt.
<pics/Test_Creation.png, id=489, 976.39781pt x 522.45187pt>
File: pics/Test_Creation.png Graphic file (type png)
<use pics/Test_Creation.png>
Package pdftex.def Info: pics/Test_Creation.png  used on input line 161.
(pdftex.def)             Requested size: 469.75502pt x 251.356pt.
 [16 <./pics/CouplingCreation_2.png>] [17 <./pics/primary_controller_settings.p
ng>] [18 <./pics/BOP_settings.png>] [19 <./pics/Nominal_Values_BOP.png>] [20 <.
/pics/Manifold_Nominal_b.png>]
<pics/Regression_picture.png, id=518, 1141.26375pt x 572.1375pt>
File: pics/Regression_picture.png Graphic file (type png)
<use pics/Regression_picture.png>
Package pdftex.def Info: pics/Regression_picture.png  used on input line 171.
(pdftex.def)             Requested size: 469.75502pt x 235.49455pt.

Overfull \hbox (0.7451pt too wide) in paragraph at lines 186--187
[]\OT1/ptm/m/n/12 Then in folder /path/-to/hy-brid/hy-brid/test-s/dy-mola[]test
s cre-ate a folder named Test[]YourModel. 
 []

[21 <./pics/Test_Creation.png>] [22 <./pics/Regression_picture.png>]
<pics/Import_Initial.png, id=544, 1236.87094pt x 674.52pt>
File: pics/Import_Initial.png Graphic file (type png)
<use pics/Import_Initial.png>
Package pdftex.def Info: pics/Import_Initial.png  used on input line 212.
(pdftex.def)             Requested size: 469.75502pt x 256.17616pt.
<pics/Move_back_time.png, id=546, 1063.72406pt x 641.39626pt>
File: pics/Move_back_time.png Graphic file (type png)
<use pics/Move_back_time.png>
Package pdftex.def Info: pics/Move_back_time.png  used on input line 221.
(pdftex.def)             Requested size: 469.75502pt x 283.24284pt.
 [23 <./pics/Import_Initial.png>]) (Model_Description/main.tex (Model_Descripti
on/PHS.tex
[24 <./pics/Move_back_time.png>]
<pics/Westinghouse.png, id=569, 551.05875pt x 575.14874pt>
File: pics/Westinghouse.png Graphic file (type png)
<use pics/Westinghouse.png>
Package pdftex.def Info: pics/Westinghouse.png  used on input line 13.
(pdftex.def)             Requested size: 165.3189pt x 172.54594pt.
 [25

]
<pics/Generic_Modular_PWR.png, id=579, 617.30624pt x 650.43pt>
File: pics/Generic_Modular_PWR.png Graphic file (type png)
<use pics/Generic_Modular_PWR.png>
Package pdftex.def Info: pics/Generic_Modular_PWR.png  used on input line 24.
(pdftex.def)             Requested size: 185.1933pt x 195.1305pt.
 [26 <./pics/Westinghouse.png> <./pics/Generic_Modular_PWR.png>]
<pics/NuScale.png, id=587, 729.47531pt x 750.55406pt>
File: pics/NuScale.png Graphic file (type png)
<use pics/NuScale.png>
Package pdftex.def Info: pics/NuScale.png  used on input line 38.
(pdftex.def)             Requested size: 218.84427pt x 225.16795pt.
) (Model_Description/EM.tex [27 <./pics/NuScale.png>]
<pics/Energy_Manifold.png, id=594, 1444.64719pt x 1411.52344pt>
File: pics/Energy_Manifold.png Graphic file (type png)
<use pics/Energy_Manifold.png>
Package pdftex.def Info: pics/Energy_Manifold.png  used on input line 6.
(pdftex.def)             Requested size: 216.68773pt x 211.71938pt.
)
(Model_Description/IP.tex
Overfull \hbox (5.12885pt too wide) in paragraph at lines 5--6
\OT1/ptm/m/n/12 The hy-brid repos-i-tory in-cludes hy-dro-gen pro-duc-tion via 
high tem-per-a-ture steam elec-trol-y-sis (HTSE)
 []

[28 <./pics/Energy_Manifold.png>]
<pics/HTSE.png, id=606, 511.9125pt x 530.73282pt>
File: pics/HTSE.png Graphic file (type png)
<use pics/HTSE.png>
Package pdftex.def Info: pics/HTSE.png  used on input line 11.
(pdftex.def)             Requested size: 204.76137pt x 212.28937pt.
 [29 <./pics/HTSE.png>]
<pics/Desalination Plant.png, id=619, 499.8675pt x 520.19344pt>
File: pics/Desalination Plant.png Graphic file (type png)
<use pics/Desalination Plant.png>
Package pdftex.def Info: pics/Desalination Plant.png  used on input line 26.
(pdftex.def)             Requested size: 149.9614pt x 156.05922pt.
)
(Model_Description/BOP.tex [30 <./pics/Desalination Plant.png>]
<pics/BOP.png, id=627, 483.30562pt x 492.33937pt>
File: pics/BOP.png Graphic file (type png)
<use pics/BOP.png>
Package pdftex.def Info: pics/BOP.png  used on input line 11.
(pdftex.def)             Requested size: 193.31882pt x 196.93225pt.
<pics/HeaderStepdownturbines.png, id=629, 618.05907pt x 618.05907pt>
File: pics/HeaderStepdownturbines.png Graphic file (type png)
<use pics/HeaderStepdownturbines.png>
Package pdftex.def Info: pics/HeaderStepdownturbines.png  used on input line 23
.
(pdftex.def)             Requested size: 185.41914pt x 185.41914pt.
 [31 <./pics/BOP.png>]
<pics/StagebyStageTurbine.png, id=637, 512.91624pt x 154.5775pt>
File: pics/StagebyStageTurbine.png Graphic file (type png)
<use pics/StagebyStageTurbine.png>
Package pdftex.def Info: pics/StagebyStageTurbine.png  used on input line 35.
(pdftex.def)             Requested size: 384.68623pt x 115.93282pt.
) (Model_Description/ES.tex [32 <./pics/HeaderStepdownturbines.png> <./pics/Sta
gebyStageTurbine.png>]
<pics/Battery_Storage.png, id=647, 466.74374pt x 471.26062pt>
File: pics/Battery_Storage.png Graphic file (type png)
<use pics/Battery_Storage.png>
Package pdftex.def Info: pics/Battery_Storage.png  used on input line 11.
(pdftex.def)             Requested size: 186.69418pt x 188.5009pt.
 [33 <./pics/Battery_Storage.png>]
<pics/Sensible_Heat_System.png, id=657, 627.84563pt x 627.09282pt>
File: pics/Sensible_Heat_System.png Graphic file (type png)
<use pics/Sensible_Heat_System.png>
Package pdftex.def Info: pics/Sensible_Heat_System.png  used on input line 26.
(pdftex.def)             Requested size: 188.35513pt x 188.12929pt.
 [34]
<pics/Thermocline_Test.png, id=666, 1018.55531pt x 815.29594pt>
File: pics/Thermocline_Test.png Graphic file (type png)
<use pics/Thermocline_Test.png>
Package pdftex.def Info: pics/Thermocline_Test.png  used on input line 41.
(pdftex.def)             Requested size: 305.56895pt x 244.59067pt.
 [35 <./pics/Sensible_Heat_System.png>] [36 <./pics/Thermocline_Test.png>]
<pics/CTES.png, id=680, 236.38312pt x 217.31187pt>
File: pics/CTES.png Graphic file (type png)
<use pics/CTES.png>
Package pdftex.def Info: pics/CTES.png  used on input line 57.
(pdftex.def)             Requested size: 189.10675pt x 173.84972pt.
 [37 <./pics/CTES.png>]
<pics/PCM.png, id=688, 766.865pt x 408.02437pt>
File: pics/PCM.png Graphic file (type png)
<use pics/PCM.png>
Package pdftex.def Info: pics/PCM.png  used on input line 86.
(pdftex.def)             Requested size: 383.43156pt x 204.01169pt.
) (Model_Description/SES.tex [38]
<pics/GasTurbine.png, id=701, 481.04718pt x 496.85625pt>
File: pics/GasTurbine.png Graphic file (type png)
<use pics/GasTurbine.png>
Package pdftex.def Info: pics/GasTurbine.png  used on input line 12.
(pdftex.def)             Requested size: 192.41545pt x 198.73897pt.
 [39 <./pics/PCM.png>]
<pics/Hydrogen_Turbine.png, id=710, 552.56438pt x 576.65437pt>
File: pics/Hydrogen_Turbine.png Graphic file (type png)
<use pics/Hydrogen_Turbine.png>
Package pdftex.def Info: pics/Hydrogen_Turbine.png  used on input line 25.
(pdftex.def)             Requested size: 221.02182pt x 230.65765pt.
)) [40 <./pics/GasTurbine.png>] [41 <./pics/Hydrogen_Turbine.png>] (../version.
tex) [42

]
(hybrid_user_manual.bbl
Underfull \hbox (badness 1337) in paragraph at lines 44--48
[]\OT1/ptm/m/n/12 J. Kim, S. Bragg-Sitton, and R. Board-man, ``Sta-tus re-port 
on the high-temperature
 []

[43


]) [44] [45

]
File: pics/inl-left_black.pdf Graphic file (type pdf)
<use pics/inl-left_black.pdf>
Package pdftex.def Info: pics/inl-left_black.pdf  used on input line 411.
(pdftex.def)             Requested size: 280.04555pt x 55.2061pt.
 [46] (hybrid_user_manual.aux)
Package rerunfilecheck Info: File `hybrid_user_manual.out' has not changed.
(rerunfilecheck)             Checksum: 823D00FF10F9FCE4E2B2F5F5CB90AD97;8075.
 ) 
Here is how much of TeX's memory you used:
 16826 strings out of 479283
 250686 string characters out of 2854389
 873881 words of memory out of 3000000
 33599 multiletter control sequences out of 15000+600000
 449315 words of font info for 128 fonts, out of 8000000 for 9000
 1141 hyphenation exceptions out of 8191
 83i,13n,88p,3092b,2715s stack positions out of 5000i,500n,10000p,200000b,80000s
{C:/Users/FRICKL/AppData/Local/Programs/MiKTeX/fonts/enc/dvips/base/8r.enc}<C
:/Users/FRICKL/AppData/Local/Programs/MiKTeX/fonts/type1/public/amsfonts/cm/cmm
i12.pfb><C:/Users/FRICKL/AppData/Local/Programs/MiKTeX/fonts/type1/public/amsfo
nts/cm/cmmi6.pfb><C:/Users/FRICKL/AppData/Local/Programs/MiKTeX/fonts/type1/pub
lic/amsfonts/cm/cmmi8.pfb><C:/Users/FRICKL/AppData/Local/Programs/MiKTeX/fonts/
type1/public/amsfonts/cm/cmr12.pfb><C:/Users/FRICKL/AppData/Local/Programs/MiKT
eX/fonts/type1/public/amsfonts/cm/cmr8.pfb><C:/Users/FRICKL/AppData/Local/Progr
ams/MiKTeX/fonts/type1/public/amsfonts/cm/cmsy10.pfb><C:/Users/FRICKL/AppData/L
ocal/Programs/MiKTeX/fonts/type1/public/amsfonts/cm/cmsy6.pfb><C:/Users/FRICKL/
AppData/Local/Programs/MiKTeX/fonts/type1/urw/courier/ucrb8a.pfb><C:/Users/FRIC
KL/AppData/Local/Programs/MiKTeX/fonts/type1/urw/courier/ucrr8a.pfb><C:/Users/F
RICKL/AppData/Local/Programs/MiKTeX/fonts/type1/urw/helvetic/uhvb8a.pfb><C:/Use
rs/FRICKL/AppData/Local/Programs/MiKTeX/fonts/type1/urw/helvetic/uhvr8a.pfb><C:
/Users/FRICKL/AppData/Local/Programs/MiKTeX/fonts/type1/urw/ncntrsbk/uncb8a.pfb
><C:/Users/FRICKL/AppData/Local/Programs/MiKTeX/fonts/type1/urw/ncntrsbk/uncr8a
.pfb><C:/Users/FRICKL/AppData/Local/Programs/MiKTeX/fonts/type1/urw/times/utmb8
a.pfb><C:/Users/FRICKL/AppData/Local/Programs/MiKTeX/fonts/type1/urw/times/utmr
8a.pfb><C:/Users/FRICKL/AppData/Local/Programs/MiKTeX/fonts/type1/urw/times/utm
ri8a.pfb>
Output written on hybrid_user_manual.pdf (52 pages, 3875548 bytes).
PDF statistics:
 855 PDF objects out of 1000 (max. 8388607)
 286 named destinations out of 1000 (max. 500000)
 491 words of extra memory for PDF output out of 10000 (max. 10000000)

