\BOOKMARK [1][-]{section.1}{\376\377\000I\000n\000t\000r\000o\000d\000u\000c\000t\000i\000o\000n}{}% 1
\BOOKMARK [2][-]{subsection.1.1}{\376\377\000M\000o\000d\000e\000l\000i\000c\000a\000\040\000M\000o\000d\000e\000l\000s}{section.1}% 2
\BOOKMARK [2][-]{subsection.1.2}{\376\377\000I\000n\000d\000i\000v\000i\000d\000u\000a\000l\000\040\000C\000o\000m\000p\000o\000n\000e\000n\000t\000s}{section.1}% 3
\BOOKMARK [2][-]{subsection.1.3}{\376\377\000H\000y\000b\000r\000i\000d\000\040\000R\000e\000q\000u\000i\000r\000e\000m\000e\000n\000t\000s}{section.1}% 4
\BOOKMARK [1][-]{section.2}{\376\377\000H\000Y\000B\000R\000I\000D\000\040\000I\000n\000s\000t\000a\000l\000l\000a\000t\000i\000o\000n\000\040\000P\000r\000o\000c\000e\000d\000u\000r\000e}{}% 5
\BOOKMARK [2][-]{subsection.2.1}{\376\377\000O\000v\000e\000r\000v\000i\000e\000w}{section.2}% 6
\BOOKMARK [2][-]{subsection.2.2}{\376\377\000C\000l\000o\000n\000i\000n\000g\000\040\000t\000h\000e\000\040\000H\000y\000b\000r\000i\000d\000\040\000R\000e\000p\000o\000s\000i\000t\000o\000r\000y}{section.2}% 7
\BOOKMARK [3][-]{subsubsection.2.2.1}{\376\377\000I\000n\000s\000t\000a\000l\000l\000\040\000R\000A\000V\000E\000N\000\040\000a\000n\000d\000\040\000i\000t\000s\000\040\000p\000l\000u\000g\000i\000n\000s\000\040\000a\000s\000\040\000a\000\040\000s\000u\000b\000-\000m\000o\000d\000u\000l\000e}{subsection.2.2}% 8
\BOOKMARK [3][-]{subsubsection.2.2.2}{\376\377\000I\000n\000f\000o\000r\000m\000\040\000t\000h\000e\000\040\000F\000r\000a\000m\000e\000w\000o\000r\000k\000\040\000P\000a\000t\000h\000s}{subsection.2.2}% 9
\BOOKMARK [2][-]{subsection.2.3}{\376\377\000S\000e\000t\000u\000p\000\040\000o\000f\000\040\000D\000y\000m\000o\000l\000a\000\040\000f\000o\000r\000\040\000t\000h\000e\000\040\000R\000e\000g\000r\000e\000s\000s\000i\000o\000n\000\040\000T\000e\000s\000t\000i\000n\000g\000\040\000S\000y\000s\000t\000e\000m}{section.2}% 10
\BOOKMARK [2][-]{subsection.2.4}{\376\377\000R\000u\000n\000\040\000R\000e\000g\000r\000e\000s\000s\000i\000o\000n\000\040\000t\000e\000s\000t\000s\000\040\000r\000e\000l\000a\000t\000e\000d\000\040\000t\000o\000\040\000t\000h\000e\000\040\000H\000Y\000B\000R\000I\000D\000\040\000p\000r\000o\000j\000e\000c\000t}{section.2}% 11
\BOOKMARK [1][-]{section.3}{\376\377\000R\000u\000n\000n\000i\000n\000g\000\040\000a\000n\000d\000\040\000C\000r\000e\000a\000t\000i\000n\000g\000\040\000N\000e\000w\000\040\000C\000o\000d\000e}{}% 12
\BOOKMARK [2][-]{subsection.3.1}{\376\377\000U\000n\000d\000e\000r\000s\000t\000a\000n\000d\000i\000n\000g\000\040\000a\000n\000d\000\040\000R\000u\000n\000n\000i\000n\000g\000\040\000E\000x\000i\000s\000t\000i\000n\000g\000\040\000M\000o\000d\000e\000l\000s}{section.3}% 13
\BOOKMARK [3][-]{subsubsection.3.1.1}{\376\377\000M\000o\000d\000i\000f\000y\000i\000n\000g\000\040\000E\000x\000i\000s\000t\000i\000n\000g\000\040\000M\000o\000d\000e\000l\000s\000\040\000f\000o\000r\000\040\000S\000p\000e\000c\000i\000f\000i\000c\000\040\000R\000u\000n\000s}{subsection.3.1}% 14
\BOOKMARK [2][-]{subsection.3.2}{\376\377\000C\000o\000n\000f\000i\000g\000u\000r\000i\000n\000g\000\040\000E\000x\000i\000s\000t\000i\000n\000g\000\040\000M\000o\000d\000e\000l\000s\000\040\000i\000n\000t\000o\000\040\000I\000n\000t\000e\000g\000r\000a\000t\000e\000d\000\040\000E\000n\000e\000r\000g\000y\000\040\000S\000y\000s\000t\000e\000m\000s}{section.3}% 15
\BOOKMARK [2][-]{subsection.3.3}{\376\377\000T\000e\000s\000t\000\040\000C\000r\000e\000a\000t\000i\000o\000n}{section.3}% 16
\BOOKMARK [2][-]{subsection.3.4}{\376\377\000A\000d\000v\000a\000n\000c\000e\000d\000\040\000T\000e\000s\000t\000\040\000F\000i\000l\000e\000\040\000O\000p\000t\000i\000o\000n\000s\000\040\000u\000t\000i\000l\000i\000z\000e\000d\000\040\000f\000o\000r\000\040\000c\000o\000m\000p\000l\000e\000x\000\040\000m\000o\000d\000e\000l\000s}{section.3}% 17
\BOOKMARK [1][-]{section.4}{\376\377\000M\000o\000d\000e\000l\000\040\000D\000e\000s\000c\000r\000i\000p\000t\000i\000o\000n}{}% 18
\BOOKMARK [2][-]{subsection.4.1}{\376\377\000P\000r\000i\000m\000a\000r\000y\000\040\000H\000e\000a\000t\000\040\000S\000y\000s\000t\000e\000m}{section.4}% 19
\BOOKMARK [3][-]{subsubsection.4.1.1}{\376\377\000F\000o\000u\000r\000\040\000L\000o\000o\000p\000\040\000P\000r\000e\000s\000s\000u\000r\000i\000z\000e\000d\000\040\000W\000a\000t\000e\000r\000\040\000R\000e\000a\000c\000t\000o\000r}{subsection.4.1}% 20
\BOOKMARK [3][-]{subsubsection.4.1.2}{\376\377\000G\000e\000n\000e\000r\000i\000c\000\040\000M\000o\000d\000u\000l\000a\000r\000\040\000P\000W\000R}{subsection.4.1}% 21
\BOOKMARK [3][-]{subsubsection.4.1.3}{\376\377\000N\000a\000t\000u\000r\000a\000l\000\040\000C\000i\000r\000c\000u\000l\000a\000t\000i\000o\000n\000\040\000S\000m\000a\000l\000l\000\040\000M\000o\000d\000u\000l\000a\000r\000\040\000R\000e\000a\000c\000t\000o\000r}{subsection.4.1}% 22
\BOOKMARK [2][-]{subsection.4.2}{\376\377\000E\000n\000e\000r\000g\000y\000\040\000M\000a\000n\000i\000f\000o\000l\000d}{section.4}% 23
\BOOKMARK [2][-]{subsection.4.3}{\376\377\000I\000n\000d\000u\000s\000t\000r\000i\000a\000l\000\040\000P\000r\000o\000c\000e\000s\000s}{section.4}% 24
\BOOKMARK [3][-]{subsubsection.4.3.1}{\376\377\000H\000y\000d\000r\000o\000g\000e\000n\000\040\000P\000r\000o\000d\000u\000c\000t\000i\000o\000n}{subsection.4.3}% 25
\BOOKMARK [3][-]{subsubsection.4.3.2}{\376\377\000D\000e\000s\000a\000l\000i\000n\000a\000t\000i\000o\000n}{subsection.4.3}% 26
\BOOKMARK [2][-]{subsection.4.4}{\376\377\000B\000a\000l\000a\000n\000c\000e\000\040\000o\000f\000\040\000P\000l\000a\000n\000t}{section.4}% 27
\BOOKMARK [3][-]{subsubsection.4.4.1}{\376\377\000S\000i\000m\000p\000l\000e\000\040\000B\000a\000l\000a\000n\000c\000e\000\040\000o\000f\000\040\000P\000l\000a\000n\000t}{subsection.4.4}% 28
\BOOKMARK [3][-]{subsubsection.4.4.2}{\376\377\000S\000t\000e\000p\000\040\000D\000o\000w\000n\000\040\000T\000u\000r\000b\000i\000n\000e\000s}{subsection.4.4}% 29
\BOOKMARK [3][-]{subsubsection.4.4.3}{\376\377\000S\000t\000a\000g\000e\000\040\000b\000y\000\040\000S\000t\000a\000g\000e\000\040\000T\000u\000r\000b\000i\000n\000e}{subsection.4.4}% 30
\BOOKMARK [2][-]{subsection.4.5}{\376\377\000E\000n\000e\000r\000g\000y\000\040\000S\000t\000o\000r\000a\000g\000e}{section.4}% 31
\BOOKMARK [3][-]{subsubsection.4.5.1}{\376\377\000E\000l\000e\000c\000t\000r\000i\000c\000\040\000B\000a\000t\000t\000e\000r\000y\000\040\000S\000t\000o\000r\000a\000g\000e}{subsection.4.5}% 32
\BOOKMARK [3][-]{subsubsection.4.5.2}{\376\377\000T\000w\000o\000-\000T\000a\000n\000k\000\040\000T\000h\000e\000r\000m\000a\000l\000\040\000E\000n\000e\000r\000g\000y\000\040\000S\000t\000o\000r\000a\000g\000e}{subsection.4.5}% 33
\BOOKMARK [3][-]{subsubsection.4.5.3}{\376\377\000T\000h\000e\000r\000m\000o\000c\000l\000i\000n\000e\000\040\000P\000a\000c\000k\000e\000d\000\040\000B\000e\000d\000\040\000T\000h\000e\000r\000m\000a\000l\000\040\000E\000n\000e\000r\000g\000y\000\040\000S\000t\000o\000r\000a\000g\000e}{subsection.4.5}% 34
\BOOKMARK [3][-]{subsubsection.4.5.4}{\376\377\000C\000o\000n\000c\000r\000e\000t\000e\000\040\000S\000o\000l\000i\000d\000\040\000M\000e\000d\000i\000a\000\040\000S\000t\000o\000r\000a\000g\000e}{subsection.4.5}% 35
\BOOKMARK [3][-]{subsubsection.4.5.5}{\376\377\000L\000a\000t\000e\000n\000t\000\040\000H\000e\000a\000t\000\040\000T\000h\000e\000r\000m\000a\000l\000\040\000E\000n\000e\000r\000g\000y\000\040\000S\000t\000o\000r\000a\000g\000e}{subsection.4.5}% 36
\BOOKMARK [2][-]{subsection.4.6}{\376\377\000S\000e\000c\000o\000n\000d\000a\000r\000y\000\040\000E\000n\000e\000r\000g\000y\000\040\000S\000o\000u\000r\000c\000e}{section.4}% 37
\BOOKMARK [3][-]{subsubsection.4.6.1}{\376\377\000N\000a\000t\000u\000r\000a\000l\000\040\000G\000a\000s\000\040\000F\000i\000r\000e\000d\000\040\000T\000u\000r\000b\000i\000n\000e}{subsection.4.6}% 38
\BOOKMARK [3][-]{subsubsection.4.6.2}{\376\377\000H\000y\000d\000r\000o\000g\000e\000n\000\040\000T\000u\000r\000b\000i\000n\000e}{subsection.4.6}% 39
\BOOKMARK [1][-]{section*.34}{\376\377\000R\000e\000f\000e\000r\000e\000n\000c\000e\000s}{}% 40
